<?xml version="1.0" encoding="UTF-8"?>
<!-- Generated by org.testng.reporters.JUnitXMLReporter -->
<testsuite ignored="0" hostname="SRINIVAS-G2005" failures="0" tests="3" name="Default test" time="8.013" errors="0" timestamp="2025-07-04T10:34:45 IST">
  <testcase classname="tutorialsPoint.HandligWindows" name="openNewTab" time="0.872"/>
  <testcase classname="tutorialsPoint.HandligWindows" name="openNewWindow1" time="0.748"/>
  <testcase classname="tutorialsPoint.HandligWindows" name="openNewWindow2" time="0.792"/>
</testsuite> <!-- Default test -->
