<?xml version="1.0" encoding="UTF-8"?>
<!-- Generated by org.testng.reporters.JUnitXMLReporter -->
<testsuite ignored="0" hostname="SRINIVAS-G2005" failures="0" tests="3" name="Default test" time="15.176" errors="0" timestamp="2025-03-23T08:46:54 IST">
  <testcase classname="demoAutomationTesting.HandlingWindows" name="openNewTabWindow" time="7.5"/>
  <testcase classname="demoAutomationTesting.HandlingWindows" name="openNewWindow" time="0.001"/>
  <testcase classname="demoAutomationTesting.HandlingWindows" name="openMultipleWindow" time="0.002"/>
</testsuite> <!-- Default test -->
