<?xml version="1.0" encoding="UTF-8"?>
<testng-results ignored="0" total="1" passed="1" failed="0" skipped="0">
  <reporter-output>
  </reporter-output>
  <suite started-at="2025-03-23T10:20:08 IST" name="Default suite" finished-at="2025-03-23T10:20:28 IST" duration-ms="20661">
    <groups>
    </groups>
    <test started-at="2025-03-23T10:20:08 IST" name="Default test" finished-at="2025-03-23T10:20:28 IST" duration-ms="20661">
      <class name="orangeHRM.HandlingWindows">
        <test-method is-config="true" signature="setUp()[pri:0, instance:orangeHRM.HandlingWindows@4afcd809]" started-at="2025-03-23T10:20:08 IST" name="setUp" finished-at="2025-03-23T10:20:13 IST" duration-ms="5567" status="PASS">
          <reporter-output>
          </reporter-output>
        </test-method> <!-- setUp -->
        <test-method signature="handlinWindow()[pri:0, instance:orangeHRM.HandlingWindows@4afcd809]" started-at="2025-03-23T10:20:13 IST" name="handlinWindow" finished-at="2025-03-23T10:20:28 IST" duration-ms="14846" status="PASS">
          <reporter-output>
          </reporter-output>
        </test-method> <!-- handlinWindow -->
        <test-method is-config="true" signature="tearDown()[pri:0, instance:orangeHRM.HandlingWindows@4afcd809]" started-at="2025-03-23T10:20:28 IST" name="tearDown" finished-at="2025-03-23T10:20:28 IST" duration-ms="215" status="PASS">
          <reporter-output>
          </reporter-output>
        </test-method> <!-- tearDown -->
      </class> <!-- orangeHRM.HandlingWindows -->
    </test> <!-- Default test -->
  </suite> <!-- Default suite -->
</testng-results>
